/home/ml/.pyenv/versions/semantic/lib/python3.7/site-packages/tensorflow/python/framework/dtypes.py:516: FutureWarning: Passing (type, 1) or '1type' as a synonym of type is deprecated; in a future version of numpy, it will be understood as (type, (1,)) / '(1,)type'.
  _np_qint8 = np.dtype([("qint8", np.int8, 1)])
/home/ml/.pyenv/versions/semantic/lib/python3.7/site-packages/tensorflow/python/framework/dtypes.py:517: FutureWarning: Passing (type, 1) or '1type' as a synonym of type is deprecated; in a future version of numpy, it will be understood as (type, (1,)) / '(1,)type'.
  _np_quint8 = np.dtype([("quint8", np.uint8, 1)])
/home/ml/.pyenv/versions/semantic/lib/python3.7/site-packages/tensorflow/python/framework/dtypes.py:518: FutureWarning: Passing (type, 1) or '1type' as a synonym of type is deprecated; in a future version of numpy, it will be understood as (type, (1,)) / '(1,)type'.
  _np_qint16 = np.dtype([("qint16", np.int16, 1)])
/home/ml/.pyenv/versions/semantic/lib/python3.7/site-packages/tensorflow/python/framework/dtypes.py:519: FutureWarning: Passing (type, 1) or '1type' as a synonym of type is deprecated; in a future version of numpy, it will be understood as (type, (1,)) / '(1,)type'.
  _np_quint16 = np.dtype([("quint16", np.uint16, 1)])
/home/ml/.pyenv/versions/semantic/lib/python3.7/site-packages/tensorflow/python/framework/dtypes.py:520: FutureWarning: Passing (type, 1) or '1type' as a synonym of type is deprecated; in a future version of numpy, it will be understood as (type, (1,)) / '(1,)type'.
  _np_qint32 = np.dtype([("qint32", np.int32, 1)])
/home/ml/.pyenv/versions/semantic/lib/python3.7/site-packages/tensorflow/python/framework/dtypes.py:525: FutureWarning: Passing (type, 1) or '1type' as a synonym of type is deprecated; in a future version of numpy, it will be understood as (type, (1,)) / '(1,)type'.
  np_resource = np.dtype([("resource", np.ubyte, 1)])
/home/ml/.pyenv/versions/semantic/lib/python3.7/site-packages/tensorboard/compat/tensorflow_stub/dtypes.py:541: FutureWarning: Passing (type, 1) or '1type' as a synonym of type is deprecated; in a future version of numpy, it will be understood as (type, (1,)) / '(1,)type'.
  _np_qint8 = np.dtype([("qint8", np.int8, 1)])
/home/ml/.pyenv/versions/semantic/lib/python3.7/site-packages/tensorboard/compat/tensorflow_stub/dtypes.py:542: FutureWarning: Passing (type, 1) or '1type' as a synonym of type is deprecated; in a future version of numpy, it will be understood as (type, (1,)) / '(1,)type'.
  _np_quint8 = np.dtype([("quint8", np.uint8, 1)])
/home/ml/.pyenv/versions/semantic/lib/python3.7/site-packages/tensorboard/compat/tensorflow_stub/dtypes.py:543: FutureWarning: Passing (type, 1) or '1type' as a synonym of type is deprecated; in a future version of numpy, it will be understood as (type, (1,)) / '(1,)type'.
  _np_qint16 = np.dtype([("qint16", np.int16, 1)])
/home/ml/.pyenv/versions/semantic/lib/python3.7/site-packages/tensorboard/compat/tensorflow_stub/dtypes.py:544: FutureWarning: Passing (type, 1) or '1type' as a synonym of type is deprecated; in a future version of numpy, it will be understood as (type, (1,)) / '(1,)type'.
  _np_quint16 = np.dtype([("quint16", np.uint16, 1)])
/home/ml/.pyenv/versions/semantic/lib/python3.7/site-packages/tensorboard/compat/tensorflow_stub/dtypes.py:545: FutureWarning: Passing (type, 1) or '1type' as a synonym of type is deprecated; in a future version of numpy, it will be understood as (type, (1,)) / '(1,)type'.
  _np_qint32 = np.dtype([("qint32", np.int32, 1)])
/home/ml/.pyenv/versions/semantic/lib/python3.7/site-packages/tensorboard/compat/tensorflow_stub/dtypes.py:550: FutureWarning: Passing (type, 1) or '1type' as a synonym of type is deprecated; in a future version of numpy, it will be understood as (type, (1,)) / '(1,)type'.
  np_resource = np.dtype([("resource", np.ubyte, 1)])
WARNING:tensorflow:From /home/ml/Desktop/workspace/semantic-segmentation/models/research/deeplab/core/conv2d_ws.py:40: The name tf.layers.Layer is deprecated. Please use tf.compat.v1.layers.Layer instead.

WARNING:tensorflow:From /home/ml/Desktop/workspace/semantic-segmentation/models/research/slim/nets/mobilenet/mobilenet.py:397: The name tf.nn.avg_pool is deprecated. Please use tf.nn.avg_pool2d instead.

WARNING:tensorflow:From train.py:464: The name tf.app.run is deprecated. Please use tf.compat.v1.app.run instead.

WARNING:tensorflow:From train.py:274: The name tf.logging.set_verbosity is deprecated. Please use tf.compat.v1.logging.set_verbosity instead.

W1124 15:30:09.022164 140111008919680 deprecation_wrapper.py:119] From train.py:274: The name tf.logging.set_verbosity is deprecated. Please use tf.compat.v1.logging.set_verbosity instead.

WARNING:tensorflow:From train.py:274: The name tf.logging.INFO is deprecated. Please use tf.compat.v1.logging.INFO instead.

W1124 15:30:09.022295 140111008919680 deprecation_wrapper.py:119] From train.py:274: The name tf.logging.INFO is deprecated. Please use tf.compat.v1.logging.INFO instead.

WARNING:tensorflow:From train.py:289: The name tf.gfile.MakeDirs is deprecated. Please use tf.io.gfile.makedirs instead.

W1124 15:30:09.022411 140111008919680 deprecation_wrapper.py:119] From train.py:289: The name tf.gfile.MakeDirs is deprecated. Please use tf.io.gfile.makedirs instead.

WARNING:tensorflow:From train.py:290: The name tf.logging.info is deprecated. Please use tf.compat.v1.logging.info instead.

W1124 15:30:09.022577 140111008919680 deprecation_wrapper.py:119] From train.py:290: The name tf.logging.info is deprecated. Please use tf.compat.v1.logging.info instead.

INFO:tensorflow:Training on train set
I1124 15:30:09.022665 140111008919680 train.py:290] Training on train set
WARNING:tensorflow:From train.py:314: The name tf.train.get_or_create_global_step is deprecated. Please use tf.compat.v1.train.get_or_create_global_step instead.

W1124 15:30:09.023647 140111008919680 deprecation_wrapper.py:119] From train.py:314: The name tf.train.get_or_create_global_step is deprecated. Please use tf.compat.v1.train.get_or_create_global_step instead.

WARNING:tensorflow:From /home/ml/Desktop/workspace/semantic-segmentation/models/research/deeplab/datasets/data_generator.py:349: The name tf.gfile.Glob is deprecated. Please use tf.io.gfile.glob instead.

W1124 15:30:09.026353 140111008919680 deprecation_wrapper.py:119] From /home/ml/Desktop/workspace/semantic-segmentation/models/research/deeplab/datasets/data_generator.py:349: The name tf.gfile.Glob is deprecated. Please use tf.io.gfile.glob instead.

WARNING:tensorflow:From /home/ml/Desktop/workspace/semantic-segmentation/models/research/deeplab/datasets/data_generator.py:221: The name tf.FixedLenFeature is deprecated. Please use tf.io.FixedLenFeature instead.

W1124 15:30:09.039202 140111008919680 deprecation_wrapper.py:119] From /home/ml/Desktop/workspace/semantic-segmentation/models/research/deeplab/datasets/data_generator.py:221: The name tf.FixedLenFeature is deprecated. Please use tf.io.FixedLenFeature instead.

WARNING:tensorflow:From /home/ml/Desktop/workspace/semantic-segmentation/models/research/deeplab/datasets/data_generator.py:236: The name tf.parse_single_example is deprecated. Please use tf.io.parse_single_example instead.

W1124 15:30:09.039364 140111008919680 deprecation_wrapper.py:119] From /home/ml/Desktop/workspace/semantic-segmentation/models/research/deeplab/datasets/data_generator.py:236: The name tf.parse_single_example is deprecated. Please use tf.io.parse_single_example instead.

2019-11-24 15:30:09.054213: I tensorflow/stream_executor/platform/default/dso_loader.cc:42] Successfully opened dynamic library libcuda.so.1
2019-11-24 15:30:09.070586: I tensorflow/stream_executor/cuda/cuda_gpu_executor.cc:1005] successful NUMA node read from SysFS had negative value (-1), but there must be at least one NUMA node, so returning NUMA node zero
2019-11-24 15:30:09.071082: I tensorflow/core/common_runtime/gpu/gpu_device.cc:1640] Found device 0 with properties: 
name: GeForce GTX 1080 major: 6 minor: 1 memoryClockRate(GHz): 1.8225
pciBusID: 0000:01:00.0
2019-11-24 15:30:09.071143: I tensorflow/stream_executor/platform/default/dso_loader.cc:53] Could not dlopen library 'libcudart.so.10.0'; dlerror: libcudart.so.10.0: cannot open shared object file: No such file or directory
2019-11-24 15:30:09.071189: I tensorflow/stream_executor/platform/default/dso_loader.cc:53] Could not dlopen library 'libcublas.so.10.0'; dlerror: libcublas.so.10.0: cannot open shared object file: No such file or directory
2019-11-24 15:30:09.071224: I tensorflow/stream_executor/platform/default/dso_loader.cc:53] Could not dlopen library 'libcufft.so.10.0'; dlerror: libcufft.so.10.0: cannot open shared object file: No such file or directory
2019-11-24 15:30:09.071259: I tensorflow/stream_executor/platform/default/dso_loader.cc:53] Could not dlopen library 'libcurand.so.10.0'; dlerror: libcurand.so.10.0: cannot open shared object file: No such file or directory
2019-11-24 15:30:09.071294: I tensorflow/stream_executor/platform/default/dso_loader.cc:53] Could not dlopen library 'libcusolver.so.10.0'; dlerror: libcusolver.so.10.0: cannot open shared object file: No such file or directory
2019-11-24 15:30:09.071329: I tensorflow/stream_executor/platform/default/dso_loader.cc:53] Could not dlopen library 'libcusparse.so.10.0'; dlerror: libcusparse.so.10.0: cannot open shared object file: No such file or directory
2019-11-24 15:30:09.071365: I tensorflow/stream_executor/platform/default/dso_loader.cc:53] Could not dlopen library 'libcudnn.so.7'; dlerror: libcudnn.so.7: cannot open shared object file: No such file or directory
2019-11-24 15:30:09.071372: W tensorflow/core/common_runtime/gpu/gpu_device.cc:1663] Cannot dlopen some GPU libraries. Skipping registering GPU devices...
WARNING:tensorflow:From /home/ml/Desktop/workspace/semantic-segmentation/models/research/deeplab/core/preprocess_utils.py:351: The name tf.lin_space is deprecated. Please use tf.linspace instead.

W1124 15:30:09.086954 140111008919680 deprecation_wrapper.py:119] From /home/ml/Desktop/workspace/semantic-segmentation/models/research/deeplab/core/preprocess_utils.py:351: The name tf.lin_space is deprecated. Please use tf.linspace instead.

WARNING:tensorflow:From /home/ml/Desktop/workspace/semantic-segmentation/models/research/deeplab/core/preprocess_utils.py:352: The name tf.random_shuffle is deprecated. Please use tf.random.shuffle instead.

W1124 15:30:09.088346 140111008919680 deprecation_wrapper.py:119] From /home/ml/Desktop/workspace/semantic-segmentation/models/research/deeplab/core/preprocess_utils.py:352: The name tf.random_shuffle is deprecated. Please use tf.random.shuffle instead.

WARNING:tensorflow:From /home/ml/Desktop/workspace/semantic-segmentation/models/research/deeplab/core/preprocess_utils.py:377: The name tf.image.resize_bilinear is deprecated. Please use tf.compat.v1.image.resize_bilinear instead.

W1124 15:30:09.095554 140111008919680 deprecation_wrapper.py:119] From /home/ml/Desktop/workspace/semantic-segmentation/models/research/deeplab/core/preprocess_utils.py:377: The name tf.image.resize_bilinear is deprecated. Please use tf.compat.v1.image.resize_bilinear instead.

WARNING:tensorflow:From /home/ml/Desktop/workspace/semantic-segmentation/models/research/deeplab/core/preprocess_utils.py:314: The name tf.random_uniform is deprecated. Please use tf.random.uniform instead.

W1124 15:30:09.166877 140111008919680 deprecation_wrapper.py:119] From /home/ml/Desktop/workspace/semantic-segmentation/models/research/deeplab/core/preprocess_utils.py:314: The name tf.random_uniform is deprecated. Please use tf.random.uniform instead.

WARNING:tensorflow:From /home/ml/Desktop/workspace/semantic-segmentation/models/research/deeplab/datasets/data_generator.py:338: DatasetV1.make_one_shot_iterator (from tensorflow.python.data.ops.dataset_ops) is deprecated and will be removed in a future version.
Instructions for updating:
Use `for ... in dataset:` to iterate over a dataset. If using `tf.estimator`, return the `Dataset` object directly from your input function. As a last resort, you can use `tf.compat.v1.data.make_one_shot_iterator(dataset)`.
W1124 15:30:09.228490 140111008919680 deprecation.py:323] From /home/ml/Desktop/workspace/semantic-segmentation/models/research/deeplab/datasets/data_generator.py:338: DatasetV1.make_one_shot_iterator (from tensorflow.python.data.ops.dataset_ops) is deprecated and will be removed in a future version.
Instructions for updating:
Use `for ... in dataset:` to iterate over a dataset. If using `tf.estimator`, return the `Dataset` object directly from your input function. As a last resort, you can use `tf.compat.v1.data.make_one_shot_iterator(dataset)`.
WARNING:tensorflow:From /home/ml/Desktop/workspace/semantic-segmentation/models/research/deeplab/core/feature_extractor.py:461: to_float (from tensorflow.python.ops.math_ops) is deprecated and will be removed in a future version.
Instructions for updating:
Use `tf.cast` instead.
W1124 15:30:09.243308 140111008919680 deprecation.py:323] From /home/ml/Desktop/workspace/semantic-segmentation/models/research/deeplab/core/feature_extractor.py:461: to_float (from tensorflow.python.ops.math_ops) is deprecated and will be removed in a future version.
Instructions for updating:
Use `tf.cast` instead.
WARNING:tensorflow:From /home/ml/Desktop/workspace/semantic-segmentation/models/research/deeplab/utils/train_utils.py:158: The name tf.losses.add_loss is deprecated. Please use tf.compat.v1.losses.add_loss instead.

W1124 15:30:11.189265 140111008919680 deprecation_wrapper.py:119] From /home/ml/Desktop/workspace/semantic-segmentation/models/research/deeplab/utils/train_utils.py:158: The name tf.losses.add_loss is deprecated. Please use tf.compat.v1.losses.add_loss instead.

WARNING:tensorflow:From train.py:333: The name tf.summary.histogram is deprecated. Please use tf.compat.v1.summary.histogram instead.

W1124 15:30:11.189745 140111008919680 deprecation_wrapper.py:119] From train.py:333: The name tf.summary.histogram is deprecated. Please use tf.compat.v1.summary.histogram instead.

WARNING:tensorflow:From train.py:340: The name tf.summary.image is deprecated. Please use tf.compat.v1.summary.image instead.

W1124 15:30:11.385344 140111008919680 deprecation_wrapper.py:119] From train.py:340: The name tf.summary.image is deprecated. Please use tf.compat.v1.summary.image instead.

WARNING:tensorflow:From train.py:361: The name tf.summary.scalar is deprecated. Please use tf.compat.v1.summary.scalar instead.

W1124 15:30:11.391392 140111008919680 deprecation_wrapper.py:119] From train.py:361: The name tf.summary.scalar is deprecated. Please use tf.compat.v1.summary.scalar instead.

INFO:tensorflow:Setting decay_steps to total training steps.
I1124 15:30:11.393613 140111008919680 train_utils.py:327] Setting decay_steps to total training steps.
WARNING:tensorflow:From /home/ml/Desktop/workspace/semantic-segmentation/models/research/deeplab/utils/train_utils.py:337: The name tf.train.polynomial_decay is deprecated. Please use tf.compat.v1.train.polynomial_decay instead.

W1124 15:30:11.393722 140111008919680 deprecation_wrapper.py:119] From /home/ml/Desktop/workspace/semantic-segmentation/models/research/deeplab/utils/train_utils.py:337: The name tf.train.polynomial_decay is deprecated. Please use tf.compat.v1.train.polynomial_decay instead.

WARNING:tensorflow:From /home/ml/.pyenv/versions/semantic/lib/python3.7/site-packages/tensorflow/python/keras/optimizer_v2/learning_rate_schedule.py:409: div (from tensorflow.python.ops.math_ops) is deprecated and will be removed in a future version.
Instructions for updating:
Deprecated in favor of operator or tf.math.divide.
W1124 15:30:11.396512 140111008919680 deprecation.py:323] From /home/ml/.pyenv/versions/semantic/lib/python3.7/site-packages/tensorflow/python/keras/optimizer_v2/learning_rate_schedule.py:409: div (from tensorflow.python.ops.math_ops) is deprecated and will be removed in a future version.
Instructions for updating:
Deprecated in favor of operator or tf.math.divide.
WARNING:tensorflow:From /home/ml/Desktop/workspace/semantic-segmentation/models/research/deeplab/utils/train_utils.py:372: add_dispatch_support.<locals>.wrapper (from tensorflow.python.ops.array_ops) is deprecated and will be removed in a future version.
Instructions for updating:
Use tf.where in 2.0, which has the same broadcast rule as np.where
W1124 15:30:11.399654 140111008919680 deprecation.py:323] From /home/ml/Desktop/workspace/semantic-segmentation/models/research/deeplab/utils/train_utils.py:372: add_dispatch_support.<locals>.wrapper (from tensorflow.python.ops.array_ops) is deprecated and will be removed in a future version.
Instructions for updating:
Use tf.where in 2.0, which has the same broadcast rule as np.where
WARNING:tensorflow:From train.py:380: The name tf.train.MomentumOptimizer is deprecated. Please use tf.compat.v1.train.MomentumOptimizer instead.

W1124 15:30:11.401128 140111008919680 deprecation_wrapper.py:119] From train.py:380: The name tf.train.MomentumOptimizer is deprecated. Please use tf.compat.v1.train.MomentumOptimizer instead.

WARNING:tensorflow:From train.py:424: The name tf.summary.merge is deprecated. Please use tf.compat.v1.summary.merge instead.

W1124 15:30:12.825643 140111008919680 deprecation_wrapper.py:119] From train.py:424: The name tf.summary.merge is deprecated. Please use tf.compat.v1.summary.merge instead.

WARNING:tensorflow:From /home/ml/.pyenv/versions/semantic/lib/python3.7/site-packages/tensorflow/contrib/slim/python/slim/learning.py:742: Supervisor.__init__ (from tensorflow.python.training.supervisor) is deprecated and will be removed in a future version.
Instructions for updating:
Please switch to tf.train.MonitoredTrainingSession
W1124 15:30:13.344913 140111008919680 deprecation.py:323] From /home/ml/.pyenv/versions/semantic/lib/python3.7/site-packages/tensorflow/contrib/slim/python/slim/learning.py:742: Supervisor.__init__ (from tensorflow.python.training.supervisor) is deprecated and will be removed in a future version.
Instructions for updating:
Please switch to tf.train.MonitoredTrainingSession
2019-11-24 15:30:13.617277: I tensorflow/core/platform/cpu_feature_guard.cc:142] Your CPU supports instructions that this TensorFlow binary was not compiled to use: AVX2 FMA
2019-11-24 15:30:13.642613: I tensorflow/core/platform/profile_utils/cpu_utils.cc:94] CPU Frequency: 3600000000 Hz
2019-11-24 15:30:13.643254: I tensorflow/compiler/xla/service/service.cc:168] XLA service 0x5611697da170 executing computations on platform Host. Devices:
2019-11-24 15:30:13.643273: I tensorflow/compiler/xla/service/service.cc:175]   StreamExecutor device (0): <undefined>, <undefined>
2019-11-24 15:30:13.698204: I tensorflow/stream_executor/cuda/cuda_gpu_executor.cc:1005] successful NUMA node read from SysFS had negative value (-1), but there must be at least one NUMA node, so returning NUMA node zero
2019-11-24 15:30:13.698604: I tensorflow/compiler/xla/service/service.cc:168] XLA service 0x561168dc8a20 executing computations on platform CUDA. Devices:
2019-11-24 15:30:13.698619: I tensorflow/compiler/xla/service/service.cc:175]   StreamExecutor device (0): GeForce GTX 1080, Compute Capability 6.1
2019-11-24 15:30:13.698735: I tensorflow/stream_executor/cuda/cuda_gpu_executor.cc:1005] successful NUMA node read from SysFS had negative value (-1), but there must be at least one NUMA node, so returning NUMA node zero
2019-11-24 15:30:13.699026: I tensorflow/core/common_runtime/gpu/gpu_device.cc:1640] Found device 0 with properties: 
name: GeForce GTX 1080 major: 6 minor: 1 memoryClockRate(GHz): 1.8225
pciBusID: 0000:01:00.0
2019-11-24 15:30:13.699115: I tensorflow/stream_executor/platform/default/dso_loader.cc:53] Could not dlopen library 'libcudart.so.10.0'; dlerror: libcudart.so.10.0: cannot open shared object file: No such file or directory
2019-11-24 15:30:13.699156: I tensorflow/stream_executor/platform/default/dso_loader.cc:53] Could not dlopen library 'libcublas.so.10.0'; dlerror: libcublas.so.10.0: cannot open shared object file: No such file or directory
2019-11-24 15:30:13.699195: I tensorflow/stream_executor/platform/default/dso_loader.cc:53] Could not dlopen library 'libcufft.so.10.0'; dlerror: libcufft.so.10.0: cannot open shared object file: No such file or directory
2019-11-24 15:30:13.699231: I tensorflow/stream_executor/platform/default/dso_loader.cc:53] Could not dlopen library 'libcurand.so.10.0'; dlerror: libcurand.so.10.0: cannot open shared object file: No such file or directory
2019-11-24 15:30:13.699276: I tensorflow/stream_executor/platform/default/dso_loader.cc:53] Could not dlopen library 'libcusolver.so.10.0'; dlerror: libcusolver.so.10.0: cannot open shared object file: No such file or directory
2019-11-24 15:30:13.699312: I tensorflow/stream_executor/platform/default/dso_loader.cc:53] Could not dlopen library 'libcusparse.so.10.0'; dlerror: libcusparse.so.10.0: cannot open shared object file: No such file or directory
2019-11-24 15:30:13.699349: I tensorflow/stream_executor/platform/default/dso_loader.cc:53] Could not dlopen library 'libcudnn.so.7'; dlerror: libcudnn.so.7: cannot open shared object file: No such file or directory
2019-11-24 15:30:13.699357: W tensorflow/core/common_runtime/gpu/gpu_device.cc:1663] Cannot dlopen some GPU libraries. Skipping registering GPU devices...
2019-11-24 15:30:13.699367: I tensorflow/core/common_runtime/gpu/gpu_device.cc:1181] Device interconnect StreamExecutor with strength 1 edge matrix:
2019-11-24 15:30:13.699374: I tensorflow/core/common_runtime/gpu/gpu_device.cc:1187]      0 
2019-11-24 15:30:13.699379: I tensorflow/core/common_runtime/gpu/gpu_device.cc:1200] 0:   N 
2019-11-24 15:30:14.338969: W tensorflow/compiler/jit/mark_for_compilation_pass.cc:1412] (One-time warning): Not using XLA:CPU for cluster because envvar TF_XLA_FLAGS=--tf_xla_cpu_global_jit was not set.  If you want XLA:CPU, either set that envvar, or use experimental_jit_scope to enable XLA:CPU.  To confirm that XLA is active, pass --vmodule=xla_compilation_cache=1 (as a proper command-line flag, not via TF_XLA_FLAGS) or set the envvar XLA_FLAGS=--xla_hlo_profile.
INFO:tensorflow:Running local_init_op.
I1124 15:30:14.411231 140111008919680 session_manager.py:500] Running local_init_op.
INFO:tensorflow:Done running local_init_op.
I1124 15:30:14.476409 140111008919680 session_manager.py:502] Done running local_init_op.
INFO:tensorflow:Starting Session.
I1124 15:30:16.596557 140111008919680 learning.py:754] Starting Session.
INFO:tensorflow:Saving checkpoint to path log/train_log/model.ckpt
I1124 15:30:16.664687 140106052658944 supervisor.py:1117] Saving checkpoint to path log/train_log/model.ckpt
INFO:tensorflow:Starting Queues.
I1124 15:30:16.664908 140111008919680 learning.py:768] Starting Queues.
INFO:tensorflow:global_step/sec: 0
I1124 15:30:19.547854 140106061051648 supervisor.py:1099] global_step/sec: 0
INFO:tensorflow:Recording summary at step 0.
I1124 15:30:23.858180 140106816018176 supervisor.py:1050] Recording summary at step 0.
2019-11-24 15:30:34.789056: I tensorflow/core/profiler/lib/profiler_session.cc:174] Profiler session started.
2019-11-24 15:30:34.789287: I tensorflow/stream_executor/platform/default/dso_loader.cc:53] Could not dlopen library 'libcupti.so.10.0'; dlerror: libcupti.so.10.0: cannot open shared object file: No such file or directory
2019-11-24 15:30:34.789341: W tensorflow/core/profiler/lib/profiler_session.cc:182] Encountered error while starting profiler: Unavailable: CUPTI error: CUPTI could not be loaded or symbol could not be found.
2019-11-24 15:30:34.789538: I tensorflow/core/platform/default/device_tracer.cc:641] Collecting 0 kernel records, 0 memcpy records.
2019-11-24 15:30:34.789588: E tensorflow/core/platform/default/device_tracer.cc:68] CUPTI error: CUPTI could not be loaded or symbol could not be found.
WARNING:tensorflow:From /home/ml/.pyenv/versions/semantic/lib/python3.7/site-packages/tensorflow/python/profiler/internal/flops_registry.py:142: tensor_shape_from_node_def_name (from tensorflow.python.framework.graph_util_impl) is deprecated and will be removed in a future version.
Instructions for updating:
Use `tf.compat.v1.graph_util.tensor_shape_from_node_def_name`
W1124 15:30:34.802082 140111008919680 deprecation.py:323] From /home/ml/.pyenv/versions/semantic/lib/python3.7/site-packages/tensorflow/python/profiler/internal/flops_registry.py:142: tensor_shape_from_node_def_name (from tensorflow.python.framework.graph_util_impl) is deprecated and will be removed in a future version.
Instructions for updating:
Use `tf.compat.v1.graph_util.tensor_shape_from_node_def_name`
2019-11-24 15:30:39.153699: I tensorflow/core/profiler/lib/profiler_session.cc:174] Profiler session started.
2019-11-24 15:30:39.153769: W tensorflow/core/profiler/lib/profiler_session.cc:182] Encountered error while starting profiler: Unavailable: CUPTI error: CUPTI could not be loaded or symbol could not be found.
2019-11-24 15:30:39.153982: I tensorflow/core/platform/default/device_tracer.cc:641] Collecting 0 kernel records, 0 memcpy records.
2019-11-24 15:30:39.154049: E tensorflow/core/platform/default/device_tracer.cc:68] CUPTI error: CUPTI could not be loaded or symbol could not be found.
2019-11-24 15:30:41.272346: I tensorflow/core/profiler/lib/profiler_session.cc:174] Profiler session started.
2019-11-24 15:30:41.272415: W tensorflow/core/profiler/lib/profiler_session.cc:182] Encountered error while starting profiler: Unavailable: CUPTI error: CUPTI could not be loaded or symbol could not be found.
2019-11-24 15:30:54.539160: I tensorflow/core/platform/default/device_tracer.cc:641] Collecting 0 kernel records, 0 memcpy records.
2019-11-24 15:30:54.541941: E tensorflow/core/platform/default/device_tracer.cc:68] CUPTI error: CUPTI could not be loaded or symbol could not be found.
2019-11-24 15:32:29.114292: I tensorflow/core/profiler/lib/profiler_session.cc:174] Profiler session started.
2019-11-24 15:32:29.114360: W tensorflow/core/profiler/lib/profiler_session.cc:182] Encountered error while starting profiler: Unavailable: CUPTI error: CUPTI could not be loaded or symbol could not be found.
2019-11-24 15:32:42.317109: I tensorflow/core/platform/default/device_tracer.cc:641] Collecting 0 kernel records, 0 memcpy records.
2019-11-24 15:32:42.320157: E tensorflow/core/platform/default/device_tracer.cc:68] CUPTI error: CUPTI could not be loaded or symbol could not be found.
219 ops no flops stats due to incomplete shapes.
INFO:tensorflow:global step 10: loss = 3.1923 (15.565 sec/step)
I1124 15:32:44.680024 140111008919680 learning.py:507] global step 10: loss = 3.1923 (15.565 sec/step)
2019-11-24 15:33:10.461592: I tensorflow/core/profiler/lib/profiler_session.cc:174] Profiler session started.
2019-11-24 15:33:10.461645: W tensorflow/core/profiler/lib/profiler_session.cc:182] Encountered error while starting profiler: Unavailable: CUPTI error: CUPTI could not be loaded or symbol could not be found.
2019-11-24 15:33:10.461824: I tensorflow/core/platform/default/device_tracer.cc:641] Collecting 0 kernel records, 0 memcpy records.
2019-11-24 15:33:10.461878: E tensorflow/core/platform/default/device_tracer.cc:68] CUPTI error: CUPTI could not be loaded or symbol could not be found.
2019-11-24 15:33:25.498742: I tensorflow/core/profiler/lib/profiler_session.cc:174] Profiler session started.
2019-11-24 15:33:25.498795: W tensorflow/core/profiler/lib/profiler_session.cc:182] Encountered error while starting profiler: Unavailable: CUPTI error: CUPTI could not be loaded or symbol could not be found.
2019-11-24 15:33:25.498956: I tensorflow/core/platform/default/device_tracer.cc:641] Collecting 0 kernel records, 0 memcpy records.
2019-11-24 15:33:25.499012: E tensorflow/core/platform/default/device_tracer.cc:68] CUPTI error: CUPTI could not be loaded or symbol could not be found.
2019-11-24 15:33:40.650038: I tensorflow/core/profiler/lib/profiler_session.cc:174] Profiler session started.
2019-11-24 15:33:40.650089: W tensorflow/core/profiler/lib/profiler_session.cc:182] Encountered error while starting profiler: Unavailable: CUPTI error: CUPTI could not be loaded or symbol could not be found.
2019-11-24 15:33:40.650331: I tensorflow/core/platform/default/device_tracer.cc:641] Collecting 0 kernel records, 0 memcpy records.
2019-11-24 15:33:40.650391: E tensorflow/core/platform/default/device_tracer.cc:68] CUPTI error: CUPTI could not be loaded or symbol could not be found.
2019-11-24 15:34:08.917204: I tensorflow/core/profiler/lib/profiler_session.cc:174] Profiler session started.
2019-11-24 15:34:08.917279: W tensorflow/core/profiler/lib/profiler_session.cc:182] Encountered error while starting profiler: Unavailable: CUPTI error: CUPTI could not be loaded or symbol could not be found.
2019-11-24 15:34:08.917502: I tensorflow/core/platform/default/device_tracer.cc:641] Collecting 0 kernel records, 0 memcpy records.
2019-11-24 15:34:08.917607: E tensorflow/core/platform/default/device_tracer.cc:68] CUPTI error: CUPTI could not be loaded or symbol could not be found.
2019-11-24 15:34:11.077894: I tensorflow/core/profiler/lib/profiler_session.cc:174] Profiler session started.
2019-11-24 15:34:11.077964: W tensorflow/core/profiler/lib/profiler_session.cc:182] Encountered error while starting profiler: Unavailable: CUPTI error: CUPTI could not be loaded or symbol could not be found.
2019-11-24 15:34:24.270853: I tensorflow/core/platform/default/device_tracer.cc:641] Collecting 0 kernel records, 0 memcpy records.
2019-11-24 15:34:24.274081: E tensorflow/core/platform/default/device_tracer.cc:68] CUPTI error: CUPTI could not be loaded or symbol could not be found.
2019-11-24 15:35:05.434293: I tensorflow/core/profiler/lib/profiler_session.cc:174] Profiler session started.
2019-11-24 15:35:05.434384: W tensorflow/core/profiler/lib/profiler_session.cc:182] Encountered error while starting profiler: Unavailable: CUPTI error: CUPTI could not be loaded or symbol could not be found.
2019-11-24 15:35:05.434656: I tensorflow/core/platform/default/device_tracer.cc:641] Collecting 0 kernel records, 0 memcpy records.
2019-11-24 15:35:05.434743: E tensorflow/core/platform/default/device_tracer.cc:68] CUPTI error: CUPTI could not be loaded or symbol could not be found.
INFO:tensorflow:global step 20: loss = 3.0826 (13.057 sec/step)
I1124 15:35:07.572853 140111008919680 learning.py:507] global step 20: loss = 3.0826 (13.057 sec/step)
2019-11-24 15:35:20.654255: I tensorflow/core/profiler/lib/profiler_session.cc:174] Profiler session started.
2019-11-24 15:35:20.654347: W tensorflow/core/profiler/lib/profiler_session.cc:182] Encountered error while starting profiler: Unavailable: CUPTI error: CUPTI could not be loaded or symbol could not be found.
2019-11-24 15:35:20.654563: I tensorflow/core/platform/default/device_tracer.cc:641] Collecting 0 kernel records, 0 memcpy records.
2019-11-24 15:35:20.654643: E tensorflow/core/platform/default/device_tracer.cc:68] CUPTI error: CUPTI could not be loaded or symbol could not be found.
2019-11-24 15:35:48.442417: I tensorflow/core/profiler/lib/profiler_session.cc:174] Profiler session started.
2019-11-24 15:35:48.442482: W tensorflow/core/profiler/lib/profiler_session.cc:182] Encountered error while starting profiler: Unavailable: CUPTI error: CUPTI could not be loaded or symbol could not be found.
2019-11-24 15:36:01.515905: I tensorflow/core/platform/default/device_tracer.cc:641] Collecting 0 kernel records, 0 memcpy records.
2019-11-24 15:36:01.519487: E tensorflow/core/platform/default/device_tracer.cc:68] CUPTI error: CUPTI could not be loaded or symbol could not be found.
2019-11-24 15:36:55.377851: I tensorflow/core/profiler/lib/profiler_session.cc:174] Profiler session started.
2019-11-24 15:36:55.377918: W tensorflow/core/profiler/lib/profiler_session.cc:182] Encountered error while starting profiler: Unavailable: CUPTI error: CUPTI could not be loaded or symbol could not be found.
2019-11-24 15:36:55.378140: I tensorflow/core/platform/default/device_tracer.cc:641] Collecting 0 kernel records, 0 memcpy records.
2019-11-24 15:36:55.378197: E tensorflow/core/platform/default/device_tracer.cc:68] CUPTI error: CUPTI could not be loaded or symbol could not be found.
INFO:tensorflow:global step 30: loss = 2.9063 (12.831 sec/step)
I1124 15:37:23.419554 140111008919680 learning.py:507] global step 30: loss = 2.9063 (12.831 sec/step)
INFO:tensorflow:global step 40: loss = 2.6479 (12.976 sec/step)
I1124 15:39:33.304026 140111008919680 learning.py:507] global step 40: loss = 2.6479 (12.976 sec/step)
INFO:tensorflow:global_step/sec: 0.0719361
I1124 15:40:17.300818 140106061051648 supervisor.py:1099] global_step/sec: 0.0719361
INFO:tensorflow:Recording summary at step 43.
I1124 15:40:22.657091 140106816018176 supervisor.py:1050] Recording summary at step 43.
INFO:tensorflow:global step 50: loss = 2.6112 (12.780 sec/step)
I1124 15:41:43.962605 140111008919680 learning.py:507] global step 50: loss = 2.6112 (12.780 sec/step)
INFO:tensorflow:global step 60: loss = 2.5707 (12.882 sec/step)
I1124 15:43:51.870038 140111008919680 learning.py:507] global step 60: loss = 2.5707 (12.882 sec/step)
INFO:tensorflow:global step 70: loss = 2.4464 (12.821 sec/step)
I1124 15:45:59.770806 140111008919680 learning.py:507] global step 70: loss = 2.4464 (12.821 sec/step)
INFO:tensorflow:global step 80: loss = 2.2408 (12.766 sec/step)
I1124 15:48:07.351773 140111008919680 learning.py:507] global step 80: loss = 2.2408 (12.766 sec/step)
INFO:tensorflow:global step 90: loss = 2.0165 (12.640 sec/step)
I1124 15:50:14.997917 140111008919680 learning.py:507] global step 90: loss = 2.0165 (12.640 sec/step)
INFO:tensorflow:Saving checkpoint to path log/train_log/model.ckpt
I1124 15:50:16.664787 140106052658944 supervisor.py:1117] Saving checkpoint to path log/train_log/model.ckpt
INFO:tensorflow:global_step/sec: 0.0783334
I1124 15:50:17.300374 140106061051648 supervisor.py:1099] global_step/sec: 0.0783334
INFO:tensorflow:Recording summary at step 90.
I1124 15:50:23.135793 140106816018176 supervisor.py:1050] Recording summary at step 90.
INFO:tensorflow:global step 100: loss = 2.3024 (12.722 sec/step)
I1124 15:52:24.718692 140111008919680 learning.py:507] global step 100: loss = 2.3024 (12.722 sec/step)
INFO:tensorflow:global step 110: loss = 2.3586 (12.711 sec/step)
I1124 15:54:32.225125 140111008919680 learning.py:507] global step 110: loss = 2.3586 (12.711 sec/step)
INFO:tensorflow:global step 120: loss = 2.0208 (12.746 sec/step)
I1124 15:56:39.189622 140111008919680 learning.py:507] global step 120: loss = 2.0208 (12.746 sec/step)
INFO:tensorflow:global step 130: loss = 1.8095 (12.764 sec/step)
I1124 15:58:45.709486 140111008919680 learning.py:507] global step 130: loss = 1.8095 (12.764 sec/step)
INFO:tensorflow:global_step/sec: 0.0783333
I1124 16:00:17.300584 140106061051648 supervisor.py:1099] global_step/sec: 0.0783333
INFO:tensorflow:Recording summary at step 137.
I1124 16:00:23.294497 140106816018176 supervisor.py:1050] Recording summary at step 137.
INFO:tensorflow:global step 140: loss = 2.2288 (12.840 sec/step)
I1124 16:00:55.505936 140111008919680 learning.py:507] global step 140: loss = 2.2288 (12.840 sec/step)
INFO:tensorflow:global step 150: loss = 1.6789 (12.591 sec/step)
I1124 16:03:02.593574 140111008919680 learning.py:507] global step 150: loss = 1.6789 (12.591 sec/step)
INFO:tensorflow:global step 160: loss = 1.9527 (12.595 sec/step)
I1124 16:05:09.573371 140111008919680 learning.py:507] global step 160: loss = 1.9527 (12.595 sec/step)
INFO:tensorflow:global step 170: loss = 1.8840 (12.877 sec/step)
I1124 16:07:16.514423 140111008919680 learning.py:507] global step 170: loss = 1.8840 (12.877 sec/step)
INFO:tensorflow:global step 180: loss = 1.9378 (12.637 sec/step)
I1124 16:09:23.266376 140111008919680 learning.py:507] global step 180: loss = 1.9378 (12.637 sec/step)
INFO:tensorflow:Saving checkpoint to path log/train_log/model.ckpt
I1124 16:10:16.665360 140106052658944 supervisor.py:1117] Saving checkpoint to path log/train_log/model.ckpt
INFO:tensorflow:global_step/sec: 0.07833
I1124 16:10:17.325731 140106061051648 supervisor.py:1099] global_step/sec: 0.07833
INFO:tensorflow:Recording summary at step 184.
I1124 16:10:23.386677 140106816018176 supervisor.py:1050] Recording summary at step 184.
INFO:tensorflow:global step 190: loss = 2.5807 (12.570 sec/step)
I1124 16:11:32.114961 140111008919680 learning.py:507] global step 190: loss = 2.5807 (12.570 sec/step)
INFO:tensorflow:global step 200: loss = 1.5931 (12.623 sec/step)
I1124 16:13:38.019271 140111008919680 learning.py:507] global step 200: loss = 1.5931 (12.623 sec/step)
INFO:tensorflow:global step 210: loss = 1.6959 (12.641 sec/step)
I1124 16:15:43.928701 140111008919680 learning.py:507] global step 210: loss = 1.6959 (12.641 sec/step)
INFO:tensorflow:global step 220: loss = 2.0597 (12.489 sec/step)
I1124 16:17:49.650105 140111008919680 learning.py:507] global step 220: loss = 2.0597 (12.489 sec/step)
INFO:tensorflow:global step 230: loss = 2.2558 (12.694 sec/step)
I1124 16:19:55.436210 140111008919680 learning.py:507] global step 230: loss = 2.2558 (12.694 sec/step)
INFO:tensorflow:global_step/sec: 0.0783366
I1124 16:20:17.300835 140106061051648 supervisor.py:1099] global_step/sec: 0.0783366
INFO:tensorflow:Recording summary at step 231.
I1124 16:20:22.823012 140106816018176 supervisor.py:1050] Recording summary at step 231.
INFO:tensorflow:global step 240: loss = 1.8201 (12.474 sec/step)
I1124 16:22:04.038171 140111008919680 learning.py:507] global step 240: loss = 1.8201 (12.474 sec/step)
INFO:tensorflow:global step 250: loss = 2.1107 (12.530 sec/step)
I1124 16:24:09.848917 140111008919680 learning.py:507] global step 250: loss = 2.1107 (12.530 sec/step)
INFO:tensorflow:global step 260: loss = 2.0786 (12.534 sec/step)
I1124 16:26:15.473035 140111008919680 learning.py:507] global step 260: loss = 2.0786 (12.534 sec/step)
INFO:tensorflow:global step 270: loss = 1.6842 (12.568 sec/step)
I1124 16:28:21.805480 140111008919680 learning.py:507] global step 270: loss = 1.6842 (12.568 sec/step)
INFO:tensorflow:Saving checkpoint to path log/train_log/model.ckpt
I1124 16:30:16.664846 140106052658944 supervisor.py:1117] Saving checkpoint to path log/train_log/model.ckpt
INFO:tensorflow:global_step/sec: 0.0799956
I1124 16:30:17.333477 140106061051648 supervisor.py:1099] global_step/sec: 0.0799956
INFO:tensorflow:Recording summary at step 279.
I1124 16:30:23.307758 140106816018176 supervisor.py:1050] Recording summary at step 279.
INFO:tensorflow:global step 280: loss = 1.8019 (14.795 sec/step)
I1124 16:30:29.886133 140111008919680 learning.py:507] global step 280: loss = 1.8019 (14.795 sec/step)
INFO:tensorflow:global step 290: loss = 1.5653 (12.496 sec/step)
I1124 16:32:35.499453 140111008919680 learning.py:507] global step 290: loss = 1.5653 (12.496 sec/step)
INFO:tensorflow:global step 300: loss = 1.8382 (12.554 sec/step)
I1124 16:34:41.163812 140111008919680 learning.py:507] global step 300: loss = 1.8382 (12.554 sec/step)
INFO:tensorflow:global step 310: loss = 2.1567 (12.610 sec/step)
I1124 16:36:47.134424 140111008919680 learning.py:507] global step 310: loss = 2.1567 (12.610 sec/step)
INFO:tensorflow:global step 320: loss = 1.9827 (12.599 sec/step)
I1124 16:38:53.012061 140111008919680 learning.py:507] global step 320: loss = 1.9827 (12.599 sec/step)
INFO:tensorflow:global_step/sec: 0.0783376
I1124 16:40:17.300499 140106061051648 supervisor.py:1099] global_step/sec: 0.0783376
INFO:tensorflow:Recording summary at step 326.
I1124 16:40:22.627745 140106816018176 supervisor.py:1050] Recording summary at step 326.
INFO:tensorflow:global step 330: loss = 1.8912 (12.576 sec/step)
I1124 16:41:01.349636 140111008919680 learning.py:507] global step 330: loss = 1.8912 (12.576 sec/step)
INFO:tensorflow:global step 340: loss = 1.9837 (12.446 sec/step)
I1124 16:43:06.823828 140111008919680 learning.py:507] global step 340: loss = 1.9837 (12.446 sec/step)
INFO:tensorflow:global step 350: loss = 1.8386 (12.740 sec/step)
I1124 16:45:12.905987 140111008919680 learning.py:507] global step 350: loss = 1.8386 (12.740 sec/step)
INFO:tensorflow:global step 360: loss = 2.2552 (12.500 sec/step)
I1124 16:47:18.432537 140111008919680 learning.py:507] global step 360: loss = 2.2552 (12.500 sec/step)
INFO:tensorflow:global step 370: loss = 1.6384 (12.688 sec/step)
I1124 16:49:24.577553 140111008919680 learning.py:507] global step 370: loss = 1.6384 (12.688 sec/step)
INFO:tensorflow:Saving checkpoint to path log/train_log/model.ckpt
I1124 16:50:16.664840 140106052658944 supervisor.py:1117] Saving checkpoint to path log/train_log/model.ckpt
INFO:tensorflow:global_step/sec: 0.0799998
I1124 16:50:17.301949 140106061051648 supervisor.py:1099] global_step/sec: 0.0799998
INFO:tensorflow:Recording summary at step 374.
I1124 16:50:23.107030 140106816018176 supervisor.py:1050] Recording summary at step 374.
INFO:tensorflow:global step 380: loss = 2.2815 (12.522 sec/step)
I1124 16:51:32.425199 140111008919680 learning.py:507] global step 380: loss = 2.2815 (12.522 sec/step)
INFO:tensorflow:global step 390: loss = 1.6484 (12.546 sec/step)
I1124 16:53:37.624083 140111008919680 learning.py:507] global step 390: loss = 1.6484 (12.546 sec/step)
INFO:tensorflow:global step 400: loss = 2.0331 (12.711 sec/step)
I1124 16:55:43.523696 140111008919680 learning.py:507] global step 400: loss = 2.0331 (12.711 sec/step)
INFO:tensorflow:global step 410: loss = 1.5639 (12.544 sec/step)
I1124 16:57:49.489292 140111008919680 learning.py:507] global step 410: loss = 1.5639 (12.544 sec/step)
INFO:tensorflow:global step 420: loss = 2.3163 (12.466 sec/step)
I1124 16:59:55.313411 140111008919680 learning.py:507] global step 420: loss = 2.3163 (12.466 sec/step)
INFO:tensorflow:global_step/sec: 0.0783334
I1124 17:00:17.301153 140106061051648 supervisor.py:1099] global_step/sec: 0.0783334
INFO:tensorflow:Recording summary at step 421.
I1124 17:00:22.554941 140106816018176 supervisor.py:1050] Recording summary at step 421.
INFO:tensorflow:global step 430: loss = 2.4997 (12.684 sec/step)
I1124 17:02:03.822701 140111008919680 learning.py:507] global step 430: loss = 2.4997 (12.684 sec/step)
INFO:tensorflow:global step 440: loss = 1.9605 (12.466 sec/step)
I1124 17:04:08.979307 140111008919680 learning.py:507] global step 440: loss = 1.9605 (12.466 sec/step)
INFO:tensorflow:global step 450: loss = 1.8735 (12.632 sec/step)
I1124 17:06:15.045265 140111008919680 learning.py:507] global step 450: loss = 1.8735 (12.632 sec/step)
INFO:tensorflow:global step 460: loss = 2.5452 (12.540 sec/step)
I1124 17:08:20.942639 140111008919680 learning.py:507] global step 460: loss = 2.5452 (12.540 sec/step)
INFO:tensorflow:Saving checkpoint to path log/train_log/model.ckpt
I1124 17:10:16.664874 140106052658944 supervisor.py:1117] Saving checkpoint to path log/train_log/model.ckpt
WARNING:tensorflow:From /home/ml/.pyenv/versions/semantic/lib/python3.7/site-packages/tensorflow/python/training/saver.py:960: remove_checkpoint (from tensorflow.python.training.checkpoint_management) is deprecated and will be removed in a future version.
Instructions for updating:
Use standard file APIs to delete files with this prefix.
W1124 17:10:16.722169 140106052658944 deprecation.py:323] From /home/ml/.pyenv/versions/semantic/lib/python3.7/site-packages/tensorflow/python/training/saver.py:960: remove_checkpoint (from tensorflow.python.training.checkpoint_management) is deprecated and will be removed in a future version.
Instructions for updating:
Use standard file APIs to delete files with this prefix.
INFO:tensorflow:Recording summary at step 469.
I1124 17:10:22.910582 140106816018176 supervisor.py:1050] Recording summary at step 469.
INFO:tensorflow:global step 470: loss = 1.8613 (15.105 sec/step)
I1124 17:10:29.591729 140111008919680 learning.py:507] global step 470: loss = 1.8613 (15.105 sec/step)
INFO:tensorflow:global step 480: loss = 2.2214 (12.541 sec/step)
I1124 17:12:35.282432 140111008919680 learning.py:507] global step 480: loss = 2.2214 (12.541 sec/step)
INFO:tensorflow:global step 490: loss = 1.6500 (12.551 sec/step)
I1124 17:14:40.606927 140111008919680 learning.py:507] global step 490: loss = 1.6500 (12.551 sec/step)
INFO:tensorflow:global step 500: loss = 2.0803 (12.695 sec/step)
I1124 17:16:46.769375 140111008919680 learning.py:507] global step 500: loss = 2.0803 (12.695 sec/step)
INFO:tensorflow:global step 510: loss = 1.7914 (12.427 sec/step)
I1124 17:18:52.336150 140111008919680 learning.py:507] global step 510: loss = 1.7914 (12.427 sec/step)
INFO:tensorflow:Recording summary at step 517.
I1124 17:20:22.792366 140106816018176 supervisor.py:1050] Recording summary at step 517.
INFO:tensorflow:global step 520: loss = 1.7881 (12.632 sec/step)
I1124 17:21:00.368719 140111008919680 learning.py:507] global step 520: loss = 1.7881 (12.632 sec/step)
INFO:tensorflow:global step 530: loss = 1.9699 (12.512 sec/step)
I1124 17:23:05.632086 140111008919680 learning.py:507] global step 530: loss = 1.9699 (12.512 sec/step)
INFO:tensorflow:global step 540: loss = 2.3000 (12.648 sec/step)
I1124 17:25:11.093026 140111008919680 learning.py:507] global step 540: loss = 2.3000 (12.648 sec/step)
INFO:tensorflow:global step 550: loss = 1.5880 (12.420 sec/step)
I1124 17:27:16.024995 140111008919680 learning.py:507] global step 550: loss = 1.5880 (12.420 sec/step)
INFO:tensorflow:global step 560: loss = 1.8964 (12.456 sec/step)
I1124 17:29:21.011554 140111008919680 learning.py:507] global step 560: loss = 1.8964 (12.456 sec/step)
INFO:tensorflow:Saving checkpoint to path log/train_log/model.ckpt
I1124 17:30:16.664817 140106052658944 supervisor.py:1117] Saving checkpoint to path log/train_log/model.ckpt
INFO:tensorflow:Recording summary at step 564.
I1124 17:30:22.512531 140106816018176 supervisor.py:1050] Recording summary at step 564.
INFO:tensorflow:global step 570: loss = 1.1914 (12.566 sec/step)
I1124 17:31:28.645824 140111008919680 learning.py:507] global step 570: loss = 1.1914 (12.566 sec/step)
INFO:tensorflow:global step 580: loss = 1.6834 (12.481 sec/step)
I1124 17:33:33.560322 140111008919680 learning.py:507] global step 580: loss = 1.6834 (12.481 sec/step)
INFO:tensorflow:global step 590: loss = 1.7322 (12.441 sec/step)
I1124 17:35:38.321647 140111008919680 learning.py:507] global step 590: loss = 1.7322 (12.441 sec/step)
INFO:tensorflow:global step 600: loss = 2.0379 (12.505 sec/step)
I1124 17:37:43.096955 140111008919680 learning.py:507] global step 600: loss = 2.0379 (12.505 sec/step)
INFO:tensorflow:global step 610: loss = 1.2948 (12.576 sec/step)
I1124 17:39:48.526571 140111008919680 learning.py:507] global step 610: loss = 1.2948 (12.576 sec/step)
INFO:tensorflow:Recording summary at step 612.
I1124 17:40:22.934463 140106816018176 supervisor.py:1050] Recording summary at step 612.
INFO:tensorflow:global step 620: loss = 1.7069 (12.446 sec/step)
I1124 17:41:55.926358 140111008919680 learning.py:507] global step 620: loss = 1.7069 (12.446 sec/step)
INFO:tensorflow:global step 630: loss = 1.8010 (12.452 sec/step)
I1124 17:44:00.741714 140111008919680 learning.py:507] global step 630: loss = 1.8010 (12.452 sec/step)
INFO:tensorflow:global step 640: loss = 2.1023 (12.522 sec/step)
I1124 17:46:06.122541 140111008919680 learning.py:507] global step 640: loss = 2.1023 (12.522 sec/step)
INFO:tensorflow:global step 650: loss = 1.7409 (12.458 sec/step)
I1124 17:48:11.132292 140111008919680 learning.py:507] global step 650: loss = 1.7409 (12.458 sec/step)
INFO:tensorflow:global step 660: loss = 2.2157 (12.593 sec/step)
I1124 17:50:16.381436 140111008919680 learning.py:507] global step 660: loss = 2.2157 (12.593 sec/step)
INFO:tensorflow:Saving checkpoint to path log/train_log/model.ckpt
I1124 17:50:16.664840 140106052658944 supervisor.py:1117] Saving checkpoint to path log/train_log/model.ckpt
INFO:tensorflow:Recording summary at step 660.
I1124 17:50:22.425372 140106816018176 supervisor.py:1050] Recording summary at step 660.
INFO:tensorflow:global step 670: loss = 1.7823 (12.446 sec/step)
I1124 17:52:23.628705 140111008919680 learning.py:507] global step 670: loss = 1.7823 (12.446 sec/step)
INFO:tensorflow:global step 680: loss = 1.9110 (12.531 sec/step)
I1124 17:54:28.837433 140111008919680 learning.py:507] global step 680: loss = 1.9110 (12.531 sec/step)
INFO:tensorflow:global step 690: loss = 1.9744 (12.422 sec/step)
I1124 17:56:33.518550 140111008919680 learning.py:507] global step 690: loss = 1.9744 (12.422 sec/step)
INFO:tensorflow:global step 700: loss = 1.6523 (12.505 sec/step)
I1124 17:58:38.638243 140111008919680 learning.py:507] global step 700: loss = 1.6523 (12.505 sec/step)
INFO:tensorflow:Recording summary at step 708.
I1124 18:00:22.428093 140106816018176 supervisor.py:1050] Recording summary at step 708.
INFO:tensorflow:global step 710: loss = 1.9590 (12.498 sec/step)
I1124 18:00:46.188745 140111008919680 learning.py:507] global step 710: loss = 1.9590 (12.498 sec/step)
INFO:tensorflow:global step 720: loss = 1.8972 (12.550 sec/step)
I1124 18:02:51.122361 140111008919680 learning.py:507] global step 720: loss = 1.8972 (12.550 sec/step)
INFO:tensorflow:global step 730: loss = 1.6639 (12.462 sec/step)
I1124 18:04:55.837396 140111008919680 learning.py:507] global step 730: loss = 1.6639 (12.462 sec/step)
INFO:tensorflow:global step 740: loss = 1.7236 (12.492 sec/step)
I1124 18:07:00.550755 140111008919680 learning.py:507] global step 740: loss = 1.7236 (12.492 sec/step)
INFO:tensorflow:global step 750: loss = 1.7466 (12.649 sec/step)
I1124 18:09:05.954204 140111008919680 learning.py:507] global step 750: loss = 1.7466 (12.649 sec/step)
INFO:tensorflow:Saving checkpoint to path log/train_log/model.ckpt
I1124 18:10:16.664881 140106052658944 supervisor.py:1117] Saving checkpoint to path log/train_log/model.ckpt
INFO:tensorflow:Recording summary at step 755.
I1124 18:10:22.622243 140106816018176 supervisor.py:1050] Recording summary at step 755.
INFO:tensorflow:global step 760: loss = 1.7873 (12.458 sec/step)
I1124 18:11:13.326921 140111008919680 learning.py:507] global step 760: loss = 1.7873 (12.458 sec/step)
INFO:tensorflow:global step 770: loss = 1.5923 (12.444 sec/step)
I1124 18:13:18.038233 140111008919680 learning.py:507] global step 770: loss = 1.5923 (12.444 sec/step)
INFO:tensorflow:global step 780: loss = 2.3308 (12.455 sec/step)
I1124 18:15:22.833878 140111008919680 learning.py:507] global step 780: loss = 2.3308 (12.455 sec/step)
INFO:tensorflow:global step 790: loss = 2.4255 (12.485 sec/step)
I1124 18:17:27.679725 140111008919680 learning.py:507] global step 790: loss = 2.4255 (12.485 sec/step)
INFO:tensorflow:global step 800: loss = 2.3379 (12.478 sec/step)
I1124 18:19:32.416776 140111008919680 learning.py:507] global step 800: loss = 2.3379 (12.478 sec/step)
INFO:tensorflow:Recording summary at step 803.
I1124 18:20:22.604846 140106816018176 supervisor.py:1050] Recording summary at step 803.
INFO:tensorflow:global step 810: loss = 1.8140 (12.420 sec/step)
I1124 18:21:39.551120 140111008919680 learning.py:507] global step 810: loss = 1.8140 (12.420 sec/step)
INFO:tensorflow:global step 820: loss = 1.7580 (12.459 sec/step)
I1124 18:23:44.845395 140111008919680 learning.py:507] global step 820: loss = 1.7580 (12.459 sec/step)
INFO:tensorflow:global step 830: loss = 1.8946 (12.502 sec/step)
I1124 18:25:49.768188 140111008919680 learning.py:507] global step 830: loss = 1.8946 (12.502 sec/step)
INFO:tensorflow:global step 840: loss = 1.9564 (12.475 sec/step)
I1124 18:27:54.460343 140111008919680 learning.py:507] global step 840: loss = 1.9564 (12.475 sec/step)
INFO:tensorflow:global step 850: loss = 1.8665 (12.480 sec/step)
I1124 18:29:59.134389 140111008919680 learning.py:507] global step 850: loss = 1.8665 (12.480 sec/step)
INFO:tensorflow:Saving checkpoint to path log/train_log/model.ckpt
I1124 18:30:16.664875 140106052658944 supervisor.py:1117] Saving checkpoint to path log/train_log/model.ckpt
INFO:tensorflow:Recording summary at step 851.
I1124 18:30:22.545046 140106816018176 supervisor.py:1050] Recording summary at step 851.
INFO:tensorflow:global step 860: loss = 2.2871 (12.504 sec/step)
I1124 18:32:06.365966 140111008919680 learning.py:507] global step 860: loss = 2.2871 (12.504 sec/step)
INFO:tensorflow:global step 870: loss = 1.8814 (12.546 sec/step)
I1124 18:34:11.432901 140111008919680 learning.py:507] global step 870: loss = 1.8814 (12.546 sec/step)
INFO:tensorflow:global step 880: loss = 2.0924 (12.476 sec/step)
I1124 18:36:16.470092 140111008919680 learning.py:507] global step 880: loss = 2.0924 (12.476 sec/step)
INFO:tensorflow:global step 890: loss = 2.0525 (12.456 sec/step)
I1124 18:38:21.450377 140111008919680 learning.py:507] global step 890: loss = 2.0525 (12.456 sec/step)
INFO:tensorflow:Recording summary at step 899.
I1124 18:40:22.934401 140106816018176 supervisor.py:1050] Recording summary at step 899.
INFO:tensorflow:global step 900: loss = 1.8016 (14.836 sec/step)
I1124 18:40:28.545927 140111008919680 learning.py:507] global step 900: loss = 1.8016 (14.836 sec/step)
INFO:tensorflow:global step 910: loss = 1.9021 (12.524 sec/step)
I1124 18:42:33.501710 140111008919680 learning.py:507] global step 910: loss = 1.9021 (12.524 sec/step)
INFO:tensorflow:global step 920: loss = 1.8333 (12.426 sec/step)
I1124 18:44:38.359174 140111008919680 learning.py:507] global step 920: loss = 1.8333 (12.426 sec/step)
INFO:tensorflow:global step 930: loss = 2.2318 (12.483 sec/step)
I1124 18:46:43.133150 140111008919680 learning.py:507] global step 930: loss = 2.2318 (12.483 sec/step)
INFO:tensorflow:global step 940: loss = 2.0597 (12.410 sec/step)
I1124 18:48:47.936302 140111008919680 learning.py:507] global step 940: loss = 2.0597 (12.410 sec/step)
INFO:tensorflow:Saving checkpoint to path log/train_log/model.ckpt
I1124 18:50:16.664984 140106052658944 supervisor.py:1117] Saving checkpoint to path log/train_log/model.ckpt
INFO:tensorflow:Recording summary at step 947.
I1124 18:50:22.977795 140106816018176 supervisor.py:1050] Recording summary at step 947.
INFO:tensorflow:global step 950: loss = 1.7209 (12.458 sec/step)
I1124 18:50:55.307311 140111008919680 learning.py:507] global step 950: loss = 1.7209 (12.458 sec/step)
INFO:tensorflow:global step 960: loss = 1.3113 (12.478 sec/step)
I1124 18:53:00.129296 140111008919680 learning.py:507] global step 960: loss = 1.3113 (12.478 sec/step)
INFO:tensorflow:global step 970: loss = 2.0161 (12.461 sec/step)
I1124 18:55:04.762936 140111008919680 learning.py:507] global step 970: loss = 2.0161 (12.461 sec/step)
INFO:tensorflow:global step 980: loss = 1.6713 (12.467 sec/step)
I1124 18:57:09.946038 140111008919680 learning.py:507] global step 980: loss = 1.6713 (12.467 sec/step)
INFO:tensorflow:global step 990: loss = 2.1987 (12.438 sec/step)
I1124 18:59:14.823400 140111008919680 learning.py:507] global step 990: loss = 2.1987 (12.438 sec/step)
INFO:tensorflow:Recording summary at step 995.
I1124 19:00:22.405879 140106816018176 supervisor.py:1050] Recording summary at step 995.
INFO:tensorflow:global step 1000: loss = 1.6907 (12.460 sec/step)
I1124 19:01:22.109287 140111008919680 learning.py:507] global step 1000: loss = 1.6907 (12.460 sec/step)
INFO:tensorflow:Stopping Training.
I1124 19:01:22.109600 140111008919680 learning.py:777] Stopping Training.
INFO:tensorflow:Finished training! Saving model to disk.
I1124 19:01:22.109691 140111008919680 learning.py:785] Finished training! Saving model to disk.
2019-11-24 19:01:22.110133: I tensorflow/core/profiler/lib/profiler_session.cc:174] Profiler session started.
2019-11-24 19:01:22.110165: W tensorflow/core/profiler/lib/profiler_session.cc:182] Encountered error while starting profiler: Unavailable: CUPTI error: CUPTI could not be loaded or symbol could not be found.
2019-11-24 19:01:22.110277: I tensorflow/core/platform/default/device_tracer.cc:641] Collecting 0 kernel records, 0 memcpy records.
2019-11-24 19:01:22.110350: E tensorflow/core/platform/default/device_tracer.cc:68] CUPTI error: CUPTI could not be loaded or symbol could not be found.
2019-11-24 19:01:24.271341: I tensorflow/core/profiler/lib/profiler_session.cc:174] Profiler session started.
2019-11-24 19:01:24.271409: W tensorflow/core/profiler/lib/profiler_session.cc:182] Encountered error while starting profiler: Unavailable: CUPTI error: CUPTI could not be loaded or symbol could not be found.
2019-11-24 19:01:24.285720: I tensorflow/core/platform/default/device_tracer.cc:641] Collecting 0 kernel records, 0 memcpy records.
2019-11-24 19:01:24.286671: E tensorflow/core/platform/default/device_tracer.cc:68] CUPTI error: CUPTI could not be loaded or symbol could not be found.
/home/ml/.pyenv/versions/semantic/lib/python3.7/site-packages/tensorflow/python/summary/writer/writer.py:386: UserWarning: Attempting to use a closed FileWriter. The operation will be a noop unless the FileWriter is explicitly reopened.
  warnings.warn("Attempting to use a closed FileWriter. "
atrous_rates=[6, 12, 18]
Parsing Inputs...
